<?xml version="1.0" encoding="UTF-8"?>
<!-- Generated by org.testng.reporters.JUnitReportReporter -->
<testsuite hostname="DESKTOP-6CMCEO4" failures="0" tests="8" name="com.NopCommerce.runner.FeatureRunner" time="25.113" errors="0" timestamp="22 Oct 2022 03:04:22 GMT" skipped="0">
  <testcase classname="com.NopCommerce.runner.FeatureRunner" name="runScenario" time="2.446"/>
  <testcase classname="com.NopCommerce.runner.FeatureRunner" name="runScenario" time="2.411"/>
  <testcase classname="com.NopCommerce.runner.FeatureRunner" name="runScenario" time="2.243"/>
  <testcase classname="com.NopCommerce.runner.FeatureRunner" name="runScenario" time="4.471"/>
  <testcase classname="com.NopCommerce.runner.FeatureRunner" name="runScenario" time="2.595"/>
  <testcase classname="com.NopCommerce.runner.FeatureRunner" name="runScenario" time="3.977"/>
  <testcase classname="com.NopCommerce.runner.FeatureRunner" name="runScenario" time="5.697"/>
  <testcase classname="com.NopCommerce.runner.FeatureRunner" name="runScenario" time="1.273"/>
</testsuite> <!-- com.NopCommerce.runner.FeatureRunner -->
