<?xml version="1.0" encoding="UTF-8"?>
<!-- Generated by org.testng.reporters.JUnitReportReporter -->
<testsuite hostname="DESKTOP-6CMCEO4" failures="0" tests="1" name="com.NopCommerce.RgisterTestNG.RegisterTestNG" time="2.833" errors="0" timestamp="2022-12-06T23:57:12 EST" skipped="0">
  <testcase classname="com.NopCommerce.RgisterTestNG.RegisterTestNG" name="Registration" time="2.833"/>
  <system-out/>
</testsuite> <!-- com.NopCommerce.RgisterTestNG.RegisterTestNG -->
