<?xml version="1.0" encoding="UTF-8"?>
<!-- Generated by org.testng.reporters.JUnitReportReporter -->
<testsuite hostname="DESKTOP-6CMCEO4" failures="0" tests="8" name="com.NopCommerce.runner.FeatureRunner" time="31.331" errors="0" timestamp="2022-12-07T22:25:48 EST" skipped="0">
  <testcase classname="com.NopCommerce.runner.FeatureRunner" name="runScenario" time="2.587"/>
  <system-out/>
  <testcase classname="com.NopCommerce.runner.FeatureRunner" name="runScenario" time="2.773"/>
  <system-out/>
  <testcase classname="com.NopCommerce.runner.FeatureRunner" name="runScenario" time="6.322"/>
  <system-out/>
  <testcase classname="com.NopCommerce.runner.FeatureRunner" name="runScenario" time="3.015"/>
  <system-out/>
  <testcase classname="com.NopCommerce.runner.FeatureRunner" name="runScenario" time="1.582"/>
  <system-out/>
  <testcase classname="com.NopCommerce.runner.FeatureRunner" name="runScenario" time="2.525"/>
  <system-out/>
  <testcase classname="com.NopCommerce.runner.FeatureRunner" name="runScenario" time="5.494"/>
  <system-out/>
  <testcase classname="com.NopCommerce.runner.FeatureRunner" name="runScenario" time="7.033"/>
  <system-out/>
</testsuite> <!-- com.NopCommerce.runner.FeatureRunner -->
