<?xml version="1.0" encoding="UTF-8"?>
<!-- Generated by org.testng.reporters.JUnitReportReporter -->
<testsuite hostname="DESKTOP-6CMCEO4" failures="0" tests="1" name="com.NopCommerce.runner.FeatureRunner" time="6.657" errors="0" timestamp="18 Oct 2022 06:50:49 GMT" skipped="0">
  <testcase classname="com.NopCommerce.runner.FeatureRunner" name="runScenario" time="6.657"/>
</testsuite> <!-- com.NopCommerce.runner.FeatureRunner -->
