<?xml version="1.0" encoding="UTF-8"?>
<!-- Generated by org.testng.reporters.JUnitReportReporter -->
<testsuite hostname="DESKTOP-6CMCEO4" failures="0" tests="8" name="com.NopCommerce.runner.FeatureRunner" time="23.631" errors="0" timestamp="23 Oct 2022 19:31:30 GMT" skipped="0">
  <testcase classname="com.NopCommerce.runner.FeatureRunner" name="runScenario" time="1.227"/>
  <testcase classname="com.NopCommerce.runner.FeatureRunner" name="runScenario" time="2.474"/>
  <testcase classname="com.NopCommerce.runner.FeatureRunner" name="runScenario" time="3.412"/>
  <testcase classname="com.NopCommerce.runner.FeatureRunner" name="runScenario" time="2.672"/>
  <testcase classname="com.NopCommerce.runner.FeatureRunner" name="runScenario" time="2.342"/>
  <testcase classname="com.NopCommerce.runner.FeatureRunner" name="runScenario" time="2.754"/>
  <testcase classname="com.NopCommerce.runner.FeatureRunner" name="runScenario" time="6.062"/>
  <testcase classname="com.NopCommerce.runner.FeatureRunner" name="runScenario" time="2.688"/>
</testsuite> <!-- com.NopCommerce.runner.FeatureRunner -->
