<?xml version="1.0" encoding="UTF-8"?>
<!-- Generated by org.testng.reporters.JUnitReportReporter -->
<testsuite hostname="DESKTOP-6CMCEO4" failures="0" tests="1" name="com.testng.TestNGprit" time="6.257" errors="0" timestamp="2022-12-06T23:36:36 EST" skipped="0">
  <testcase classname="com.testng.TestNGprit" name="addtocart" time="6.257"/>
  <system-out/>
</testsuite> <!-- com.testng.TestNGprit -->
